Resource Usage Report
Part: lcmxo2_7000hc-4

Register bits: 255 of 6864 (4%)
PIC Latch:       0
I/O cells:       44

Details:
CCU2D:          43
FD1P3AX:        75
FD1P3AY:        18
FD1P3BX:        2
FD1P3DX:        44
FD1P3IX:        1
FD1S3AX:        9
FD1S3AY:        1
FD1S3BX:        32
FD1S3DX:        39
FD1S3IX:        30
FD1S3JX:        2
FIFO8KB:        2
GSR:            1
IB:             19
IFS1P3DX:       1
INV:            7
OB:             25
OFS1P3DX:       1
ORCALUT4:       196
PUR:            1
SPR16X4C:       4
VHI:            8
VLO:            9
true:           1
